[10Oct2024 00:00:06.444] [Server thread/WARN] [net.minecraft.server.MinecraftServer/]: Can't keep up! Is the server overloaded? Running 2019ms or 40 ticks behind
[10Oct2024 00:00:46.431] [Worker-Main-692/ERROR] [net.minecraft.world.entity.decoration.HangingEntity/]: Hanging entity at invalid position: BlockPos{x=-186, y=-12, z=86}
[10Oct2024 00:00:46.434] [Worker-Main-692/WARN] [net.minecraft.world.entity.decoration.ItemFrame/]: Unable to load item from: {Count:1b,id:"alexsmobs:moose_ribs"}
[10Oct2024 00:00:46.435] [Worker-Main-692/ERROR] [net.minecraft.world.entity.decoration.HangingEntity/]: Hanging entity at invalid position: BlockPos{x=-187, y=-12, z=84}
[10Oct2024 00:00:46.435] [Worker-Main-692/WARN] [net.minecraft.world.entity.EntityType/]: Skipping Entity with id guardvillagers:guard
[10Oct2024 00:01:27.551] [Worker-Main-694/ERROR] [net.minecraft.world.entity.decoration.HangingEntity/]: Hanging entity at invalid position: BlockPos{x=-179, y=-12, z=79}
[10Oct2024 00:01:27.553] [Worker-Main-694/ERROR] [net.minecraft.world.entity.decoration.HangingEntity/]: Hanging entity at invalid position: BlockPos{x=-178, y=-12, z=78}
[10Oct2024 00:01:27.554] [Worker-Main-694/ERROR] [net.minecraft.world.entity.decoration.HangingEntity/]: Hanging entity at invalid position: BlockPos{x=-178, y=-12, z=81}
[10Oct2024 00:01:27.554] [Worker-Main-694/ERROR] [net.minecraft.world.entity.decoration.HangingEntity/]: Hanging entity at invalid position: BlockPos{x=-180, y=-12, z=81}
[10Oct2024 00:01:27.555] [Worker-Main-694/ERROR] [net.minecraft.world.entity.decoration.HangingEntity/]: Hanging entity at invalid position: BlockPos{x=-177, y=-12, z=80}
[10Oct2024 00:01:27.555] [Worker-Main-694/ERROR] [net.minecraft.world.entity.decoration.HangingEntity/]: Hanging entity at invalid position: BlockPos{x=-185, y=-12, z=83}
[10Oct2024 00:01:27.555] [Worker-Main-694/WARN] [net.minecraft.world.entity.decoration.ItemFrame/]: Unable to load item from: {Count:1b,id:"alexsmobs:moose_ribs"}
[10Oct2024 00:01:27.577] [Worker-Main-693/ERROR] [net.minecraft.world.entity.decoration.HangingEntity/]: Hanging entity at invalid position: BlockPos{x=-184, y=-12, z=84}
[10Oct2024 00:01:27.587] [Worker-Main-693/WARN] [net.minecraft.world.entity.decoration.ItemFrame/]: Unable to load item from: {Count:1b,id:"alexsmobs:moose_ribs"}
[10Oct2024 00:01:27.587] [Worker-Main-693/ERROR] [net.minecraft.world.entity.decoration.HangingEntity/]: Hanging entity at invalid position: BlockPos{x=-179, y=-12, z=88}
[10Oct2024 00:01:28.661] [Server thread/WARN] [net.minecraft.server.MinecraftServer/]: Can't keep up! Is the server overloaded? Running 2385ms or 47 ticks behind
[10Oct2024 00:02:12.683] [Server thread/WARN] [net.minecraft.server.MinecraftServer/]: Can't keep up! Is the server overloaded? Running 2108ms or 42 ticks behind
[10Oct2024 00:03:42.605] [Server thread/INFO] [net.minecraft.server.MinecraftServer/]: sergiovegam41 has made the advancement [Minecraft Comes Alive]
[10Oct2024 00:07:03.307] [Server thread/WARN] [net.minecraft.server.level.ServerPlayerGameMode/]: Mismatch in destroy block pos: BlockPos{x=715, y=75, z=607} BlockPos{x=713, y=74, z=607}
[10Oct2024 00:07:04.048] [Server thread/WARN] [net.minecraft.server.level.ServerPlayerGameMode/]: Mismatch in destroy block pos: BlockPos{x=713, y=76, z=604} BlockPos{x=711, y=74, z=605}
[10Oct2024 00:08:11.357] [Server thread/WARN] [net.minecraft.world.entity.EntityType/]: Skipping Entity with id alexsmobs:crow
[10Oct2024 00:17:43.307] [Server thread/INFO] [net.minecraft.server.MinecraftServer/]: sergiovegam41 was shot by Stray
[10Oct2024 00:17:43.353] [Server thread/INFO] [tombstone/]: The player sergiovegam41 has successfully been saved
[10Oct2024 00:38:00.409] [Worker-Main-692/WARN] [com.craisinlord.integrated_api.IntegratedAPI/]: IntegratedAPI: Empty or nonexistent pool: idas:ancient_mines/ancient_mines_entrance2 which is being called from idas:ancient_mines/ancient_mines_entrance
[10Oct2024 00:38:01.438] [Server thread/WARN] [net.minecraft.server.network.ServerGamePacketListenerImpl/]: sergiovegam41 moved too quickly! -2.5010323073047687,0.0,9.83196297340119
[10Oct2024 00:38:01.444] [Server thread/WARN] [net.minecraft.server.MinecraftServer/]: Can't keep up! Is the server overloaded? Running 11719ms or 234 ticks behind
[10Oct2024 00:40:31.612] [Server thread/INFO] [net.minecraft.server.MinecraftServer/]: sergiovegam41 was shot by Skeleton
[10Oct2024 00:40:31.620] [Server thread/INFO] [tombstone/]: The player sergiovegam41 has successfully been saved
[10Oct2024 00:46:47.042] [Server thread/WARN] [net.minecraft.server.level.ServerPlayerGameMode/]: Mismatch in destroy block pos: BlockPos{x=200, y=64, z=-53} BlockPos{x=198, y=63, z=-55}
[10Oct2024 00:46:51.543] [Server thread/WARN] [net.minecraft.server.level.ServerPlayerGameMode/]: Mismatch in destroy block pos: BlockPos{x=203, y=65, z=-45} BlockPos{x=206, y=63, z=-45}
[10Oct2024 00:48:50.694] [Server thread/WARN] [net.minecraft.server.level.ServerPlayerGameMode/]: Mismatch in destroy block pos: BlockPos{x=159, y=64, z=-4} BlockPos{x=160, y=62, z=-4}
[10Oct2024 00:48:52.544] [Server thread/WARN] [net.minecraft.server.level.ServerPlayerGameMode/]: Mismatch in destroy block pos: BlockPos{x=153, y=63, z=-5} BlockPos{x=151, y=62, z=-7}
[10Oct2024 00:48:52.595] [Server thread/WARN] [net.minecraft.server.level.ServerPlayerGameMode/]: Mismatch in destroy block pos: BlockPos{x=153, y=63, z=-5} BlockPos{x=151, y=62, z=-7}
[10Oct2024 01:03:07.598] [Server thread/INFO] [net.minecraft.server.network.ServerGamePacketListenerImpl/]: sergiovegam41 lost connection: Disconnected
[10Oct2024 01:03:07.601] [Server thread/INFO] [net.minecraft.server.MinecraftServer/]: sergiovegam41 left the game
[10Oct2024 02:36:11.239] [Server thread/INFO] [net.minecraftforge.common.AdvancementLoadFix/]: Using new advancement loading for net.minecraft.server.PlayerAdvancements@67bc5346
[10Oct2024 02:36:11.304] [Server thread/INFO] [net.minecraft.server.players.PlayerList/]: sergiovegam41[/191.95.135.231:25534] logged in with entity id 154576 at (171.9130313087986, 64.0, -40.821992201048914)
[10Oct2024 02:36:11.483] [Server thread/INFO] [net.minecraft.server.MinecraftServer/]: sergiovegam41 joined the game
[10Oct2024 02:36:11.588] [Server thread/INFO] [Jade/]: Syncing config to sergiovegam41 (bf0bba1d-c0ee-3833-8cc3-5f5598dfbf4d)
[10Oct2024 02:36:14.019] [Server thread/WARN] [net.minecraft.server.MinecraftServer/]: Can't keep up! Is the server overloaded? Running 2044ms or 40 ticks behind
[10Oct2024 02:54:18.341] [Server thread/WARN] [net.minecraft.server.level.ServerPlayerGameMode/]: Mismatch in destroy block pos: BlockPos{x=147, y=63, z=-62} BlockPos{x=147, y=62, z=-64}
[10Oct2024 03:08:33.240] [Server thread/INFO] [net.minecraft.server.MinecraftServer/]: sergiovegam41 blew up
[10Oct2024 03:08:33.268] [Server thread/INFO] [tombstone/]: The player sergiovegam41 has successfully been saved
[10Oct2024 03:11:06.761] [Server thread/WARN] [net.minecraft.server.network.ServerGamePacketListenerImpl/]: Biplane (vehicle of sergiovegam41) moved too quickly! -4.239706375201592,-1.5136797638040917,9.746763585540556
[10Oct2024 03:11:06.763] [Server thread/WARN] [net.minecraft.server.network.ServerGamePacketListenerImpl/]: Biplane (vehicle of sergiovegam41) moved too quickly! -4.555960639555934,-1.6303220467818136,10.411850357551224
[10Oct2024 03:11:06.764] [Server thread/WARN] [net.minecraft.server.network.ServerGamePacketListenerImpl/]: Biplane (vehicle of sergiovegam41) moved too quickly! -4.877445952567399,-1.7467426412778195,11.07808710095302
[10Oct2024 03:11:06.764] [Server thread/WARN] [net.minecraft.server.network.ServerGamePacketListenerImpl/]: Biplane (vehicle of sergiovegam41) moved too quickly! -5.204114068679473,-1.8625381277124688,11.745292113492383
[10Oct2024 03:11:06.764] [Server thread/WARN] [net.minecraft.server.network.ServerGamePacketListenerImpl/]: Biplane (vehicle of sergiovegam41) moved too quickly! -5.535856744095412,-1.9773206833913548,12.413282532956146
[10Oct2024 03:11:06.765] [Server thread/WARN] [net.minecraft.server.network.ServerGamePacketListenerImpl/]: Biplane (vehicle of sergiovegam41) moved too quickly! -5.872724141983809,-2.0907236780898586,13.081759100826126
[10Oct2024 03:11:06.765] [Server thread/WARN] [net.minecraft.server.network.ServerGamePacketListenerImpl/]: Biplane (vehicle of sergiovegam41) moved too quickly! -6.2156722342271,-2.2024069477601813,13.7498922064282
[10Oct2024 03:11:06.765] [Server thread/WARN] [net.minecraft.server.network.ServerGamePacketListenerImpl/]: Biplane (vehicle of sergiovegam41) moved too quickly! -6.566227068326043,-2.3120629861684705,14.41645914346713
[10Oct2024 03:11:06.766] [Server thread/WARN] [net.minecraft.server.network.ServerGamePacketListenerImpl/]: Biplane (vehicle of sergiovegam41) moved too quickly! -6.926223857219412,-2.4194225778687724,15.079940021920265
[10Oct2024 03:11:06.766] [Server thread/WARN] [net.minecraft.server.network.ServerGamePacketListenerImpl/]: Biplane (vehicle of sergiovegam41) moved too quickly! -7.297607238362588,-2.5243355141602137,15.738588300619867
[10Oct2024 03:11:06.766] [Server thread/WARN] [net.minecraft.server.network.ServerGamePacketListenerImpl/]: Biplane (vehicle of sergiovegam41) moved too quickly! -7.682284206643686,-2.6268051864545328,16.39049029556989
[10Oct2024 03:11:06.767] [Server thread/WARN] [net.minecraft.server.network.ServerGamePacketListenerImpl/]: Biplane (vehicle of sergiovegam41) moved too quickly! -8.082019402200729,-2.7268274198714977,17.03361726232984
[10Oct2024 03:11:06.767] [Server thread/WARN] [net.minecraft.server.network.ServerGamePacketListenerImpl/]: Biplane (vehicle of sergiovegam41) moved too quickly! -8.498358004502563,-2.824399397896684,17.665864088678283
[10Oct2024 03:11:06.769] [Server thread/WARN] [net.minecraft.server.network.ServerGamePacketListenerImpl/]: Biplane (vehicle of sergiovegam41) moved too quickly! -8.93257573784166,-2.919526784438034,18.285085681201707
[10Oct2024 03:11:06.769] [Server thread/WARN] [net.minecraft.server.network.ServerGamePacketListenerImpl/]: Biplane (vehicle of sergiovegam41) moved too quickly! -9.385650599133186,-3.0122291710244156,18.88913137505761
[10Oct2024 03:11:06.773] [Server thread/WARN] [net.minecraft.server.network.ServerGamePacketListenerImpl/]: Biplane (vehicle of sergiovegam41) moved too quickly! -9.858251887659094,-3.102543955646823,19.475876998747204
[10Oct2024 03:11:06.807] [Server thread/WARN] [net.minecraft.server.network.ServerGamePacketListenerImpl/]: Biplane (vehicle of sergiovegam41) moved too quickly! -6.422070733642329,-1.793299610055385,10.960249407387131
[10Oct2024 03:11:06.899] [Server thread/WARN] [net.minecraft.server.network.ServerGamePacketListenerImpl/]: Biplane (vehicle of sergiovegam41) moved too quickly! -6.934520696080966,-1.879033349427985,11.506270314744505
[10Oct2024 03:11:06.900] [Server thread/WARN] [net.minecraft.server.network.ServerGamePacketListenerImpl/]: Biplane (vehicle of sergiovegam41) moved too quickly! -7.46672581951438,-1.9626160995084518,12.029050294412635
[10Oct2024 03:11:06.910] [Server thread/WARN] [net.minecraft.server.network.ServerGamePacketListenerImpl/]: Biplane (vehicle of sergiovegam41) moved too quickly! -8.018233386481029,-2.0441678912943217,12.526824068432987
[10Oct2024 03:11:06.925] [Server thread/WARN] [net.minecraft.server.network.ServerGamePacketListenerImpl/]: Biplane (vehicle of sergiovegam41) moved too quickly! -8.588255455806603,-2.1238266057666095,12.99817982095366
[10Oct2024 03:11:07.009] [Server thread/WARN] [net.minecraft.server.network.ServerGamePacketListenerImpl/]: Biplane (vehicle of sergiovegam41) moved too quickly! -9.175365097920121,-2.201747818373221,13.442834276466613
[10Oct2024 03:11:07.010] [Server thread/WARN] [net.minecraft.server.network.ServerGamePacketListenerImpl/]: Biplane (vehicle of sergiovegam41) moved too quickly! -9.777828105554988,-2.2781028501893417,13.86135941184181
[10Oct2024 03:11:07.101] [Server thread/WARN] [net.minecraft.server.network.ServerGamePacketListenerImpl/]: Biplane (vehicle of sergiovegam41) moved too quickly! -10.393819803239268,-2.3530750101150346,14.254945521978584
[10Oct2024 03:11:07.102] [Server thread/WARN] [net.minecraft.server.network.ServerGamePacketListenerImpl/]: Biplane (vehicle of sergiovegam41) moved too quickly! -11.021575815652227,-2.4266736010445413,14.625210827986677
[10Oct2024 03:11:07.103] [Server thread/WARN] [net.minecraft.server.network.ServerGamePacketListenerImpl/]: Biplane (vehicle of sergiovegam41) moved too quickly! -11.659534207885514,-2.4980187460760135,14.974068005513274
[10Oct2024 03:11:07.103] [Server thread/WARN] [net.minecraft.server.network.ServerGamePacketListenerImpl/]: Biplane (vehicle of sergiovegam41) moved too quickly! -12.306291087219478,-2.5656832736438986,15.303565333357696
[10Oct2024 03:11:07.104] [Server thread/WARN] [net.minecraft.server.network.ServerGamePacketListenerImpl/]: Biplane (vehicle of sergiovegam41) moved too quickly! -12.960546476816432,-2.627879134014151,15.615769301977473
[10Oct2024 03:11:07.123] [Server thread/WARN] [net.minecraft.server.network.ServerGamePacketListenerImpl/]: Biplane (vehicle of sergiovegam41) moved too quickly! -13.621046260280878,-2.6826136393577684,15.912678497883256
[10Oct2024 03:11:07.147] [Server thread/WARN] [net.minecraft.server.network.ServerGamePacketListenerImpl/]: Biplane (vehicle of sergiovegam41) moved too quickly! -14.286530626009466,-2.728007942934454,16.196163013102023
[10Oct2024 03:11:07.147] [Server thread/WARN] [net.minecraft.server.network.ServerGamePacketListenerImpl/]: Biplane (vehicle of sergiovegam41) moved too quickly! -14.955672331786644,-2.7630302272271905,16.46791701165401
[10Oct2024 03:11:07.150] [Server thread/WARN] [net.minecraft.server.network.ServerGamePacketListenerImpl/]: Biplane (vehicle of sergiovegam41) moved too quickly! -15.627182782430225,-2.7872686749249596,16.72947830625973
[10Oct2024 03:11:07.150] [Server thread/WARN] [net.minecraft.server.network.ServerGamePacketListenerImpl/]: Biplane (vehicle of sergiovegam41) moved too quickly! -16.299910311720254,-2.8007493043060236,16.982251489496086
[10Oct2024 03:11:07.150] [Server thread/WARN] [net.minecraft.server.network.ServerGamePacketListenerImpl/]: Biplane (vehicle of sergiovegam41) moved too quickly! -16.97285661320302,-2.803794248496402,17.227509881753306
[10Oct2024 03:11:07.151] [Server thread/WARN] [net.minecraft.server.network.ServerGamePacketListenerImpl/]: Biplane (vehicle of sergiovegam41) moved too quickly! -17.645178659191117,-2.7969135614643506,17.466398144452867
[10Oct2024 03:11:07.151] [Server thread/WARN] [net.minecraft.server.network.ServerGamePacketListenerImpl/]: Biplane (vehicle of sergiovegam41) moved too quickly! -18.31618166839675,-2.781264191299883,17.699936037489316
[10Oct2024 03:11:07.151] [Server thread/WARN] [net.minecraft.server.network.ServerGamePacketListenerImpl/]: Biplane (vehicle of sergiovegam41) moved too quickly! -18.985327056781585,-2.7579483773068034,17.929030095334163
[10Oct2024 03:11:07.152] [Server thread/WARN] [net.minecraft.server.network.ServerGamePacketListenerImpl/]: Biplane (vehicle of sergiovegam41) moved too quickly! -19.620281852029223,-2.72929701326737,18.14367535082291
[10Oct2024 03:11:07.152] [Server thread/WARN] [net.minecraft.server.network.ServerGamePacketListenerImpl/]: Biplane (vehicle of sergiovegam41) moved too quickly! -20.223606346988277,-2.6983746678363616,18.34567249712127
[10Oct2024 03:11:07.153] [Server thread/WARN] [net.minecraft.server.network.ServerGamePacketListenerImpl/]: Biplane (vehicle of sergiovegam41) moved too quickly! -20.797517821434184,-2.6674618043537066,18.536489531852503
[10Oct2024 03:11:07.153] [Server thread/WARN] [net.minecraft.server.network.ServerGamePacketListenerImpl/]: Biplane (vehicle of sergiovegam41) moved too quickly! -21.34390022431859,-2.6382473764270173,18.717305309695966
[10Oct2024 03:11:07.153] [Server thread/WARN] [net.minecraft.server.network.ServerGamePacketListenerImpl/]: Biplane (vehicle of sergiovegam41) moved too quickly! -21.86432775747687,-2.611977759550797,18.889051301615325
[10Oct2024 03:11:07.154] [Server thread/WARN] [net.minecraft.server.network.ServerGamePacketListenerImpl/]: Biplane (vehicle of sergiovegam41) moved too quickly! -22.3600965599922,-2.58957130937911,19.052450597095678
[10Oct2024 03:11:07.154] [Server thread/WARN] [net.minecraft.server.network.ServerGamePacketListenerImpl/]: Biplane (vehicle of sergiovegam41) moved too quickly! -22.832260628477798,-2.571705841950063,19.208053758514744
[10Oct2024 03:11:07.154] [Server thread/WARN] [net.minecraft.server.network.ServerGamePacketListenerImpl/]: Biplane (vehicle of sergiovegam41) moved too quickly! -23.281669517347865,-2.558884731360166,19.356271327513717
[10Oct2024 03:11:07.155] [Server thread/WARN] [net.minecraft.server.network.ServerGamePacketListenerImpl/]: Biplane (vehicle of sergiovegam41) moved too quickly! -23.70900620476894,-2.551486080461146,19.4974030731993
[10Oct2024 03:11:07.155] [Server thread/WARN] [net.minecraft.server.network.ServerGamePacketListenerImpl/]: Biplane (vehicle of sergiovegam41) moved too quickly! -24.11482404054817,-2.5497984902714705,19.631664239477253
[10Oct2024 03:11:07.156] [Server thread/WARN] [net.minecraft.server.network.ServerGamePacketListenerImpl/]: Biplane (vehicle of sergiovegam41) moved too quickly! -24.499582148074012,-2.5540461617280528,19.759208900106692
[10Oct2024 03:11:07.156] [Server thread/WARN] [net.minecraft.server.network.ServerGamePacketListenerImpl/]: Biplane (vehicle of sergiovegam41) moved too quickly! -24.863880618809446,-2.5643692752896214,19.880220547134762
[10Oct2024 03:11:07.156] [Server thread/WARN] [net.minecraft.server.network.ServerGamePacketListenerImpl/]: Biplane (vehicle of sergiovegam41) moved too quickly! -25.22586537553667,-2.581827815898478,20.00070288610629
[10Oct2024 03:11:07.192] [Server thread/WARN] [net.minecraft.server.network.ServerGamePacketListenerImpl/]: Biplane (vehicle of sergiovegam41) moved too quickly! -25.584607116312384,-2.6051685666716224,20.1203616259237
[10Oct2024 03:11:07.245] [Server thread/WARN] [net.minecraft.server.network.ServerGamePacketListenerImpl/]: Biplane (vehicle of sergiovegam41) moved too quickly! -25.939295597986614,-2.6334418986535013,20.238927845366554
[10Oct2024 03:11:07.302] [Server thread/WARN] [net.minecraft.server.network.ServerGamePacketListenerImpl/]: Biplane (vehicle of sergiovegam41) moved too quickly! -26.28922853623405,-2.6659395438488644,20.35615824884558
[10Oct2024 03:11:46.954] [Server thread/INFO] [net.minecraft.server.MinecraftServer/]: sergiovegam41 was blown up by Creeper
[10Oct2024 03:11:46.988] [Server thread/INFO] [tombstone/]: The player sergiovegam41 has successfully been saved
[10Oct2024 03:12:17.495] [Server thread/INFO] [net.minecraft.server.MinecraftServer/]: sergiovegam41 was blown up by Creeper
[10Oct2024 03:12:17.524] [Server thread/INFO] [tombstone/]: The player sergiovegam41 has successfully been saved
[10Oct2024 03:13:12.284] [Server thread/INFO] [net.minecraft.server.network.ServerGamePacketListenerImpl/]: sergiovegam41 lost connection: Timed out
[10Oct2024 03:13:12.287] [Server thread/INFO] [net.minecraft.server.MinecraftServer/]: sergiovegam41 left the game
